<?xml version="1.0" encoding="UTF-8"?>
<coverage generated="1701256551413" clover="3.2.0">
  <project timestamp="1701256551413" name="All files">
    <metrics statements="29" coveredstatements="18" conditionals="11" coveredconditionals="6" methods="11" coveredmethods="8" elements="51" coveredelements="32" complexity="0" loc="29" ncloc="29" packages="1" files="1" classes="1"/>
    <file name="gendiff.js" path="/Users/samburtman/frontend-project-46/src/gendiff.js">
      <metrics statements="29" coveredstatements="18" conditionals="11" coveredconditionals="6" methods="11" coveredmethods="8"/>
      <line num="6" count="0" type="stmt"/>
      <line num="7" count="0" type="stmt"/>
      <line num="11" count="0" type="stmt"/>
      <line num="12" count="0" type="stmt"/>
      <line num="16" count="447" type="cond" truecount="2" falsecount="2"/>
      <line num="17" count="0" type="stmt"/>
      <line num="18" count="0" type="stmt"/>
      <line num="19" count="0" type="stmt"/>
      <line num="20" count="0" type="stmt"/>
      <line num="22" count="0" type="stmt"/>
      <line num="24" count="447" type="stmt"/>
      <line num="28" count="6" type="stmt"/>
      <line num="29" count="6" type="stmt"/>
      <line num="31" count="1461" type="stmt"/>
      <line num="32" count="1236" type="stmt"/>
      <line num="33" count="1236" type="stmt"/>
      <line num="35" count="6" type="stmt"/>
      <line num="36" count="1125" type="stmt"/>
      <line num="37" count="1125" type="stmt"/>
      <line num="39" count="1125" type="cond" truecount="2" falsecount="2"/>
      <line num="40" count="0" type="stmt"/>
      <line num="41" count="0" type="stmt"/>
      <line num="44" count="1125" type="cond" truecount="2" falsecount="0"/>
      <line num="45" count="282" type="stmt"/>
      <line num="48" count="843" type="stmt"/>
      <line num="54" count="6" type="stmt"/>
      <line num="55" count="336" type="stmt"/>
      <line num="56" count="111" type="stmt"/>
      <line num="60" count="6" type="stmt"/>
    </file>
  </project>
</coverage>
