{"/Users/samburtman/frontend-project-46/src/gendiff.js": {"path":"/Users/samburtman/frontend-project-46/src/gendiff.js","statementMap":{"0":{"start":{"line":6,"column":22},"end":{"line":6,"column":53}},"1":{"start":{"line":7,"column":2},"end":{"line":7,"column":33}},"2":{"start":{"line":11,"column":22},"end":{"line":11,"column":53}},"3":{"start":{"line":12,"column":2},"end":{"line":12,"column":34}},"4":{"start":{"line":16,"column":2},"end":{"line":23,"column":3}},"5":{"start":{"line":17,"column":17},"end":{"line":17,"column":35}},"6":{"start":{"line":18,"column":27},"end":{"line":21,"column":6}},"7":{"start":{"line":19,"column":29},"end":{"line":19,"column":63}},"8":{"start":{"line":20,"column":6},"end":{"line":20,"column":67}},"9":{"start":{"line":22,"column":4},"end":{"line":22,"column":78}},"10":{"start":{"line":24,"column":2},"end":{"line":24,"column":15}},"11":{"start":{"line":28,"column":16},"end":{"line":28,"column":34}},"12":{"start":{"line":29,"column":16},"end":{"line":29,"column":34}},"13":{"start":{"line":31,"column":20},"end":{"line":31,"column":63}},"14":{"start":{"line":31,"column":42},"end":{"line":31,"column":62}},"15":{"start":{"line":32,"column":22},"end":{"line":32,"column":65}},"16":{"start":{"line":32,"column":44},"end":{"line":32,"column":64}},"17":{"start":{"line":33,"column":21},"end":{"line":33,"column":63}},"18":{"start":{"line":33,"column":43},"end":{"line":33,"column":62}},"19":{"start":{"line":35,"column":15},"end":{"line":52,"column":4}},"20":{"start":{"line":36,"column":19},"end":{"line":36,"column":29}},"21":{"start":{"line":37,"column":19},"end":{"line":37,"column":29}},"22":{"start":{"line":39,"column":4},"end":{"line":42,"column":5}},"23":{"start":{"line":40,"column":25},"end":{"line":40,"column":64}},"24":{"start":{"line":41,"column":6},"end":{"line":41,"column":62}},"25":{"start":{"line":44,"column":4},"end":{"line":46,"column":5}},"26":{"start":{"line":45,"column":6},"end":{"line":45,"column":58}},"27":{"start":{"line":48,"column":4},"end":{"line":51,"column":17}},"28":{"start":{"line":54,"column":17},"end":{"line":58,"column":3}},"29":{"start":{"line":55,"column":30},"end":{"line":55,"column":98}},"30":{"start":{"line":56,"column":32},"end":{"line":56,"column":100}},"31":{"start":{"line":60,"column":2},"end":{"line":60,"column":63}}},"fnMap":{"0":{"name":"parseJsonFile","decl":{"start":{"line":5,"column":16},"end":{"line":5,"column":29}},"loc":{"start":{"line":5,"column":40},"end":{"line":8,"column":1}},"line":5},"1":{"name":"parseYamlFile","decl":{"start":{"line":10,"column":16},"end":{"line":10,"column":29}},"loc":{"start":{"line":10,"column":40},"end":{"line":13,"column":1}},"line":10},"2":{"name":"formatValue","decl":{"start":{"line":15,"column":16},"end":{"line":15,"column":27}},"loc":{"start":{"line":15,"column":42},"end":{"line":25,"column":1}},"line":15},"3":{"name":"(anonymous_3)","decl":{"start":{"line":18,"column":36},"end":{"line":18,"column":37}},"loc":{"start":{"line":18,"column":45},"end":{"line":21,"column":5}},"line":18},"4":{"name":"generateDiff","decl":{"start":{"line":27,"column":16},"end":{"line":27,"column":28}},"loc":{"start":{"line":27,"column":54},"end":{"line":61,"column":1}},"line":27},"5":{"name":"(anonymous_5)","decl":{"start":{"line":31,"column":33},"end":{"line":31,"column":34}},"loc":{"start":{"line":31,"column":42},"end":{"line":31,"column":62}},"line":31},"6":{"name":"(anonymous_6)","decl":{"start":{"line":32,"column":35},"end":{"line":32,"column":36}},"loc":{"start":{"line":32,"column":44},"end":{"line":32,"column":64}},"line":32},"7":{"name":"(anonymous_7)","decl":{"start":{"line":33,"column":34},"end":{"line":33,"column":35}},"loc":{"start":{"line":33,"column":43},"end":{"line":33,"column":62}},"line":33},"8":{"name":"(anonymous_8)","decl":{"start":{"line":35,"column":30},"end":{"line":35,"column":31}},"loc":{"start":{"line":35,"column":39},"end":{"line":52,"column":3}},"line":35},"9":{"name":"(anonymous_9)","decl":{"start":{"line":55,"column":21},"end":{"line":55,"column":22}},"loc":{"start":{"line":55,"column":30},"end":{"line":55,"column":98}},"line":55},"10":{"name":"(anonymous_10)","decl":{"start":{"line":56,"column":23},"end":{"line":56,"column":24}},"loc":{"start":{"line":56,"column":32},"end":{"line":56,"column":100}},"line":56}},"branchMap":{"0":{"loc":{"start":{"line":16,"column":2},"end":{"line":23,"column":3}},"type":"if","locations":[{"start":{"line":16,"column":2},"end":{"line":23,"column":3}},{"start":{},"end":{}}],"line":16},"1":{"loc":{"start":{"line":16,"column":6},"end":{"line":16,"column":49}},"type":"binary-expr","locations":[{"start":{"line":16,"column":6},"end":{"line":16,"column":31}},{"start":{"line":16,"column":35},"end":{"line":16,"column":49}}],"line":16},"2":{"loc":{"start":{"line":27,"column":43},"end":{"line":27,"column":52}},"type":"default-arg","locations":[{"start":{"line":27,"column":51},"end":{"line":27,"column":52}}],"line":27},"3":{"loc":{"start":{"line":39,"column":4},"end":{"line":42,"column":5}},"type":"if","locations":[{"start":{"line":39,"column":4},"end":{"line":42,"column":5}},{"start":{},"end":{}}],"line":39},"4":{"loc":{"start":{"line":39,"column":8},"end":{"line":39,"column":64}},"type":"binary-expr","locations":[{"start":{"line":39,"column":8},"end":{"line":39,"column":34}},{"start":{"line":39,"column":38},"end":{"line":39,"column":64}}],"line":39},"5":{"loc":{"start":{"line":44,"column":4},"end":{"line":46,"column":5}},"type":"if","locations":[{"start":{"line":44,"column":4},"end":{"line":46,"column":5}},{"start":{},"end":{}}],"line":44}},"s":{"0":0,"1":0,"2":0,"3":0,"4":447,"5":0,"6":0,"7":0,"8":0,"9":0,"10":447,"11":6,"12":6,"13":6,"14":1461,"15":6,"16":1236,"17":6,"18":1236,"19":6,"20":1125,"21":1125,"22":1125,"23":0,"24":0,"25":1125,"26":282,"27":843,"28":6,"29":336,"30":111,"31":6},"f":{"0":0,"1":0,"2":447,"3":0,"4":6,"5":1461,"6":1236,"7":1236,"8":1125,"9":336,"10":111},"b":{"0":[0,447],"1":[447,0],"2":[0],"3":[0,1125],"4":[1125,0],"5":[282,843]},"_coverageSchema":"1a1c01bbd47fc00a2c39e90264f33305004495a9","hash":"8361b39c92faca3564642e1c55a97883d070b345"}
}
