TN:
SF:src/gendiff.js
FN:5,parseJsonFile
FN:10,parseYamlFile
FN:15,formatValue
FN:18,(anonymous_3)
FN:27,generateDiff
FN:31,(anonymous_5)
FN:32,(anonymous_6)
FN:33,(anonymous_7)
FN:35,(anonymous_8)
FN:55,(anonymous_9)
FN:56,(anonymous_10)
FNF:11
FNH:8
FNDA:0,parseJsonFile
FNDA:0,parseYamlFile
FNDA:447,formatValue
FNDA:0,(anonymous_3)
FNDA:6,generateDiff
FNDA:1461,(anonymous_5)
FNDA:1236,(anonymous_6)
FNDA:1236,(anonymous_7)
FNDA:1125,(anonymous_8)
FNDA:336,(anonymous_9)
FNDA:111,(anonymous_10)
DA:6,0
DA:7,0
DA:11,0
DA:12,0
DA:16,447
DA:17,0
DA:18,0
DA:19,0
DA:20,0
DA:22,0
DA:24,447
DA:28,6
DA:29,6
DA:31,1461
DA:32,1236
DA:33,1236
DA:35,6
DA:36,1125
DA:37,1125
DA:39,1125
DA:40,0
DA:41,0
DA:44,1125
DA:45,282
DA:48,843
DA:54,6
DA:55,336
DA:56,111
DA:60,6
LF:29
LH:18
BRDA:16,0,0,0
BRDA:16,0,1,447
BRDA:16,1,0,447
BRDA:16,1,1,0
BRDA:27,2,0,0
BRDA:39,3,0,0
BRDA:39,3,1,1125
BRDA:39,4,0,1125
BRDA:39,4,1,0
BRDA:44,5,0,282
BRDA:44,5,1,843
BRF:11
BRH:6
end_of_record
